<?xml version="1.0" encoding="UTF-8"?>
<testsuite xmlns:xsi="http://www.w3.org/2001/XMLSchema-instance" xsi:noNamespaceSchemaLocation="https://maven.apache.org/surefire/maven-surefire-plugin/xsd/surefire-test-report-3.0.xsd" version="3.0" name="TestSuite" time="108.84" tests="3" errors="0" skipped="0" failures="0">
  <properties>
    <property name="gopherProxySet" value="false"/>
    <property name="awt.toolkit" value="sun.lwawt.macosx.LWCToolkit"/>
    <property name="file.encoding.pkg" value="sun.io"/>
    <property name="java.specification.version" value="1.8"/>
    <property name="sun.cpu.isalist" value=""/>
    <property name="sun.jnu.encoding" value="UTF-8"/>
    <property name="java.class.path" value="/Users/nipuni.gunatilake/Downloads/Aaqua/target/test-classes:/Users/nipuni.gunatilake/Downloads/Aaqua/target/classes:/Users/nipuni.gunatilake/.m2/repository/org/testng/testng/6.14.3/testng-6.14.3.jar:/Users/nipuni.gunatilake/.m2/repository/com/beust/jcommander/1.72/jcommander-1.72.jar:/Users/nipuni.gunatilake/.m2/repository/org/apache-extras/beanshell/bsh/2.0b6/bsh-2.0b6.jar:/Users/nipuni.gunatilake/.m2/repository/org/apache/commons/commons-lang3/3.9/commons-lang3-3.9.jar:/Users/nipuni.gunatilake/.m2/repository/commons-io/commons-io/2.6/commons-io-2.6.jar:/Users/nipuni.gunatilake/.m2/repository/io/appium/java-client/6.0.0-BETA5/java-client-6.0.0-BETA5.jar:/Users/nipuni.gunatilake/.m2/repository/org/seleniumhq/selenium/selenium-support/3.11.0/selenium-support-3.11.0.jar:/Users/nipuni.gunatilake/.m2/repository/org/seleniumhq/selenium/selenium-api/3.11.0/selenium-api-3.11.0.jar:/Users/nipuni.gunatilake/.m2/repository/com/google/code/gson/gson/2.8.2/gson-2.8.2.jar:/Users/nipuni.gunatilake/.m2/repository/org/apache/httpcomponents/httpclient/4.5.5/httpclient-4.5.5.jar:/Users/nipuni.gunatilake/.m2/repository/cglib/cglib/3.2.6/cglib-3.2.6.jar:/Users/nipuni.gunatilake/.m2/repository/org/ow2/asm/asm/6.0/asm-6.0.jar:/Users/nipuni.gunatilake/.m2/repository/org/apache/ant/ant/1.9.6/ant-1.9.6.jar:/Users/nipuni.gunatilake/.m2/repository/org/apache/ant/ant-launcher/1.9.6/ant-launcher-1.9.6.jar:/Users/nipuni.gunatilake/.m2/repository/org/springframework/spring-context/5.0.3.RELEASE/spring-context-5.0.3.RELEASE.jar:/Users/nipuni.gunatilake/.m2/repository/org/springframework/spring-aop/5.0.3.RELEASE/spring-aop-5.0.3.RELEASE.jar:/Users/nipuni.gunatilake/.m2/repository/org/springframework/spring-beans/5.0.3.RELEASE/spring-beans-5.0.3.RELEASE.jar:/Users/nipuni.gunatilake/.m2/repository/org/springframework/spring-core/5.0.3.RELEASE/spring-core-5.0.3.RELEASE.jar:/Users/nipuni.gunatilake/.m2/repository/org/springframework/spring-jcl/5.0.3.RELEASE/spring-jcl-5.0.3.RELEASE.jar:/Users/nipuni.gunatilake/.m2/repository/org/springframework/spring-expression/5.0.3.RELEASE/spring-expression-5.0.3.RELEASE.jar:/Users/nipuni.gunatilake/.m2/repository/org/aspectj/aspectjweaver/1.8.13/aspectjweaver-1.8.13.jar:/Users/nipuni.gunatilake/.m2/repository/org/openpnp/opencv/3.2.0-1/opencv-3.2.0-1.jar:/Users/nipuni.gunatilake/.m2/repository/javax/websocket/javax.websocket-api/1.1/javax.websocket-api-1.1.jar:/Users/nipuni.gunatilake/.m2/repository/org/glassfish/tyrus/tyrus-client/1.1/tyrus-client-1.1.jar:/Users/nipuni.gunatilake/.m2/repository/org/glassfish/tyrus/tyrus-core/1.1/tyrus-core-1.1.jar:/Users/nipuni.gunatilake/.m2/repository/org/glassfish/tyrus/tyrus-spi/1.1/tyrus-spi-1.1.jar:/Users/nipuni.gunatilake/.m2/repository/org/glassfish/tyrus/tyrus-websocket-core/1.1/tyrus-websocket-core-1.1.jar:/Users/nipuni.gunatilake/.m2/repository/org/glassfish/tyrus/tyrus-container-grizzly/1.1/tyrus-container-grizzly-1.1.jar:/Users/nipuni.gunatilake/.m2/repository/org/glassfish/grizzly/grizzly-framework/2.3.3/grizzly-framework-2.3.3.jar:/Users/nipuni.gunatilake/.m2/repository/org/glassfish/grizzly/grizzly-http-server/2.3.3/grizzly-http-server-2.3.3.jar:/Users/nipuni.gunatilake/.m2/repository/org/glassfish/grizzly/grizzly-http/2.3.3/grizzly-http-2.3.3.jar:/Users/nipuni.gunatilake/.m2/repository/org/glassfish/grizzly/grizzly-rcm/2.3.3/grizzly-rcm-2.3.3.jar:/Users/nipuni.gunatilake/.m2/repository/com/aventstack/extentreports/4.0.0/extentreports-4.0.0.jar:/Users/nipuni.gunatilake/.m2/repository/org/freemarker/freemarker/2.3.23/freemarker-2.3.23.jar:/Users/nipuni.gunatilake/.m2/repository/org/mongodb/mongodb-driver/3.3.0/mongodb-driver-3.3.0.jar:/Users/nipuni.gunatilake/.m2/repository/org/mongodb/mongodb-driver-core/3.3.0/mongodb-driver-core-3.3.0.jar:/Users/nipuni.gunatilake/.m2/repository/org/mongodb/bson/3.3.0/bson-3.3.0.jar:/Users/nipuni.gunatilake/.m2/repository/org/apache/httpcomponents/httpmime/4.5.2/httpmime-4.5.2.jar:/Users/nipuni.gunatilake/.m2/repository/commons-validator/commons-validator/1.6/commons-validator-1.6.jar:/Users/nipuni.gunatilake/.m2/repository/commons-beanutils/commons-beanutils/1.9.2/commons-beanutils-1.9.2.jar:/Users/nipuni.gunatilake/.m2/repository/commons-digester/commons-digester/1.8.1/commons-digester-1.8.1.jar:/Users/nipuni.gunatilake/.m2/repository/commons-logging/commons-logging/1.2/commons-logging-1.2.jar:/Users/nipuni.gunatilake/.m2/repository/commons-collections/commons-collections/3.2.2/commons-collections-3.2.2.jar:/Users/nipuni.gunatilake/.m2/repository/org/slf4j/slf4j-simple/1.7.26/slf4j-simple-1.7.26.jar:/Users/nipuni.gunatilake/.m2/repository/org/slf4j/slf4j-api/1.7.26/slf4j-api-1.7.26.jar:/Users/nipuni.gunatilake/.m2/repository/org/seleniumhq/selenium/selenium-java/3.11.0/selenium-java-3.11.0.jar:/Users/nipuni.gunatilake/.m2/repository/org/seleniumhq/selenium/selenium-chrome-driver/3.11.0/selenium-chrome-driver-3.11.0.jar:/Users/nipuni.gunatilake/.m2/repository/org/seleniumhq/selenium/selenium-edge-driver/3.11.0/selenium-edge-driver-3.11.0.jar:/Users/nipuni.gunatilake/.m2/repository/org/seleniumhq/selenium/selenium-firefox-driver/3.11.0/selenium-firefox-driver-3.11.0.jar:/Users/nipuni.gunatilake/.m2/repository/org/seleniumhq/selenium/selenium-ie-driver/3.11.0/selenium-ie-driver-3.11.0.jar:/Users/nipuni.gunatilake/.m2/repository/org/seleniumhq/selenium/selenium-opera-driver/3.11.0/selenium-opera-driver-3.11.0.jar:/Users/nipuni.gunatilake/.m2/repository/org/seleniumhq/selenium/selenium-remote-driver/3.11.0/selenium-remote-driver-3.11.0.jar:/Users/nipuni.gunatilake/.m2/repository/org/seleniumhq/selenium/selenium-safari-driver/3.11.0/selenium-safari-driver-3.11.0.jar:/Users/nipuni.gunatilake/.m2/repository/net/bytebuddy/byte-buddy/1.7.9/byte-buddy-1.7.9.jar:/Users/nipuni.gunatilake/.m2/repository/org/apache/commons/commons-exec/1.3/commons-exec-1.3.jar:/Users/nipuni.gunatilake/.m2/repository/commons-codec/commons-codec/1.10/commons-codec-1.10.jar:/Users/nipuni.gunatilake/.m2/repository/com/google/guava/guava/23.6-jre/guava-23.6-jre.jar:/Users/nipuni.gunatilake/.m2/repository/com/google/code/findbugs/jsr305/1.3.9/jsr305-1.3.9.jar:/Users/nipuni.gunatilake/.m2/repository/org/checkerframework/checker-compat-qual/2.0.0/checker-compat-qual-2.0.0.jar:/Users/nipuni.gunatilake/.m2/repository/com/google/errorprone/error_prone_annotations/2.1.3/error_prone_annotations-2.1.3.jar:/Users/nipuni.gunatilake/.m2/repository/com/google/j2objc/j2objc-annotations/1.1/j2objc-annotations-1.1.jar:/Users/nipuni.gunatilake/.m2/repository/org/codehaus/mojo/animal-sniffer-annotations/1.14/animal-sniffer-annotations-1.14.jar:/Users/nipuni.gunatilake/.m2/repository/org/apache/httpcomponents/httpcore/4.4.6/httpcore-4.4.6.jar:/Users/nipuni.gunatilake/.m2/repository/com/squareup/okhttp3/okhttp/3.9.1/okhttp-3.9.1.jar:/Users/nipuni.gunatilake/.m2/repository/com/squareup/okio/okio/1.13.0/okio-1.13.0.jar:"/>
    <property name="java.vm.vendor" value="Oracle Corporation"/>
    <property name="sun.arch.data.model" value="64"/>
    <property name="java.vendor.url" value="http://java.oracle.com/"/>
    <property name="user.timezone" value=""/>
    <property name="user.country.format" value="JP"/>
    <property name="java.vm.specification.version" value="1.8"/>
    <property name="os.name" value="Mac OS X"/>
    <property name="user.country" value="US"/>
    <property name="sun.java.launcher" value="SUN_STANDARD"/>
    <property name="sun.boot.library.path" value="/Library/Java/JavaVirtualMachines/jdk1.8.0_251.jdk/Contents/Home/jre/lib"/>
    <property name="sun.java.command" value="/Users/nipuni.gunatilake/Downloads/Aaqua/target/surefire/surefirebooter1167423683852297114.jar /Users/nipuni.gunatilake/Downloads/Aaqua/target/surefire 2021-01-28T00-30-02_765-jvmRun1 surefire6797528268231127363tmp surefire_0866277517752091361tmp"/>
    <property name="surefire.test.class.path" value="/Users/nipuni.gunatilake/Downloads/Aaqua/target/test-classes:/Users/nipuni.gunatilake/Downloads/Aaqua/target/classes:/Users/nipuni.gunatilake/.m2/repository/org/testng/testng/6.14.3/testng-6.14.3.jar:/Users/nipuni.gunatilake/.m2/repository/com/beust/jcommander/1.72/jcommander-1.72.jar:/Users/nipuni.gunatilake/.m2/repository/org/apache-extras/beanshell/bsh/2.0b6/bsh-2.0b6.jar:/Users/nipuni.gunatilake/.m2/repository/org/apache/commons/commons-lang3/3.9/commons-lang3-3.9.jar:/Users/nipuni.gunatilake/.m2/repository/commons-io/commons-io/2.6/commons-io-2.6.jar:/Users/nipuni.gunatilake/.m2/repository/io/appium/java-client/6.0.0-BETA5/java-client-6.0.0-BETA5.jar:/Users/nipuni.gunatilake/.m2/repository/org/seleniumhq/selenium/selenium-support/3.11.0/selenium-support-3.11.0.jar:/Users/nipuni.gunatilake/.m2/repository/org/seleniumhq/selenium/selenium-api/3.11.0/selenium-api-3.11.0.jar:/Users/nipuni.gunatilake/.m2/repository/com/google/code/gson/gson/2.8.2/gson-2.8.2.jar:/Users/nipuni.gunatilake/.m2/repository/org/apache/httpcomponents/httpclient/4.5.5/httpclient-4.5.5.jar:/Users/nipuni.gunatilake/.m2/repository/cglib/cglib/3.2.6/cglib-3.2.6.jar:/Users/nipuni.gunatilake/.m2/repository/org/ow2/asm/asm/6.0/asm-6.0.jar:/Users/nipuni.gunatilake/.m2/repository/org/apache/ant/ant/1.9.6/ant-1.9.6.jar:/Users/nipuni.gunatilake/.m2/repository/org/apache/ant/ant-launcher/1.9.6/ant-launcher-1.9.6.jar:/Users/nipuni.gunatilake/.m2/repository/org/springframework/spring-context/5.0.3.RELEASE/spring-context-5.0.3.RELEASE.jar:/Users/nipuni.gunatilake/.m2/repository/org/springframework/spring-aop/5.0.3.RELEASE/spring-aop-5.0.3.RELEASE.jar:/Users/nipuni.gunatilake/.m2/repository/org/springframework/spring-beans/5.0.3.RELEASE/spring-beans-5.0.3.RELEASE.jar:/Users/nipuni.gunatilake/.m2/repository/org/springframework/spring-core/5.0.3.RELEASE/spring-core-5.0.3.RELEASE.jar:/Users/nipuni.gunatilake/.m2/repository/org/springframework/spring-jcl/5.0.3.RELEASE/spring-jcl-5.0.3.RELEASE.jar:/Users/nipuni.gunatilake/.m2/repository/org/springframework/spring-expression/5.0.3.RELEASE/spring-expression-5.0.3.RELEASE.jar:/Users/nipuni.gunatilake/.m2/repository/org/aspectj/aspectjweaver/1.8.13/aspectjweaver-1.8.13.jar:/Users/nipuni.gunatilake/.m2/repository/org/openpnp/opencv/3.2.0-1/opencv-3.2.0-1.jar:/Users/nipuni.gunatilake/.m2/repository/javax/websocket/javax.websocket-api/1.1/javax.websocket-api-1.1.jar:/Users/nipuni.gunatilake/.m2/repository/org/glassfish/tyrus/tyrus-client/1.1/tyrus-client-1.1.jar:/Users/nipuni.gunatilake/.m2/repository/org/glassfish/tyrus/tyrus-core/1.1/tyrus-core-1.1.jar:/Users/nipuni.gunatilake/.m2/repository/org/glassfish/tyrus/tyrus-spi/1.1/tyrus-spi-1.1.jar:/Users/nipuni.gunatilake/.m2/repository/org/glassfish/tyrus/tyrus-websocket-core/1.1/tyrus-websocket-core-1.1.jar:/Users/nipuni.gunatilake/.m2/repository/org/glassfish/tyrus/tyrus-container-grizzly/1.1/tyrus-container-grizzly-1.1.jar:/Users/nipuni.gunatilake/.m2/repository/org/glassfish/grizzly/grizzly-framework/2.3.3/grizzly-framework-2.3.3.jar:/Users/nipuni.gunatilake/.m2/repository/org/glassfish/grizzly/grizzly-http-server/2.3.3/grizzly-http-server-2.3.3.jar:/Users/nipuni.gunatilake/.m2/repository/org/glassfish/grizzly/grizzly-http/2.3.3/grizzly-http-2.3.3.jar:/Users/nipuni.gunatilake/.m2/repository/org/glassfish/grizzly/grizzly-rcm/2.3.3/grizzly-rcm-2.3.3.jar:/Users/nipuni.gunatilake/.m2/repository/com/aventstack/extentreports/4.0.0/extentreports-4.0.0.jar:/Users/nipuni.gunatilake/.m2/repository/org/freemarker/freemarker/2.3.23/freemarker-2.3.23.jar:/Users/nipuni.gunatilake/.m2/repository/org/mongodb/mongodb-driver/3.3.0/mongodb-driver-3.3.0.jar:/Users/nipuni.gunatilake/.m2/repository/org/mongodb/mongodb-driver-core/3.3.0/mongodb-driver-core-3.3.0.jar:/Users/nipuni.gunatilake/.m2/repository/org/mongodb/bson/3.3.0/bson-3.3.0.jar:/Users/nipuni.gunatilake/.m2/repository/org/apache/httpcomponents/httpmime/4.5.2/httpmime-4.5.2.jar:/Users/nipuni.gunatilake/.m2/repository/commons-validator/commons-validator/1.6/commons-validator-1.6.jar:/Users/nipuni.gunatilake/.m2/repository/commons-beanutils/commons-beanutils/1.9.2/commons-beanutils-1.9.2.jar:/Users/nipuni.gunatilake/.m2/repository/commons-digester/commons-digester/1.8.1/commons-digester-1.8.1.jar:/Users/nipuni.gunatilake/.m2/repository/commons-logging/commons-logging/1.2/commons-logging-1.2.jar:/Users/nipuni.gunatilake/.m2/repository/commons-collections/commons-collections/3.2.2/commons-collections-3.2.2.jar:/Users/nipuni.gunatilake/.m2/repository/org/slf4j/slf4j-simple/1.7.26/slf4j-simple-1.7.26.jar:/Users/nipuni.gunatilake/.m2/repository/org/slf4j/slf4j-api/1.7.26/slf4j-api-1.7.26.jar:/Users/nipuni.gunatilake/.m2/repository/org/seleniumhq/selenium/selenium-java/3.11.0/selenium-java-3.11.0.jar:/Users/nipuni.gunatilake/.m2/repository/org/seleniumhq/selenium/selenium-chrome-driver/3.11.0/selenium-chrome-driver-3.11.0.jar:/Users/nipuni.gunatilake/.m2/repository/org/seleniumhq/selenium/selenium-edge-driver/3.11.0/selenium-edge-driver-3.11.0.jar:/Users/nipuni.gunatilake/.m2/repository/org/seleniumhq/selenium/selenium-firefox-driver/3.11.0/selenium-firefox-driver-3.11.0.jar:/Users/nipuni.gunatilake/.m2/repository/org/seleniumhq/selenium/selenium-ie-driver/3.11.0/selenium-ie-driver-3.11.0.jar:/Users/nipuni.gunatilake/.m2/repository/org/seleniumhq/selenium/selenium-opera-driver/3.11.0/selenium-opera-driver-3.11.0.jar:/Users/nipuni.gunatilake/.m2/repository/org/seleniumhq/selenium/selenium-remote-driver/3.11.0/selenium-remote-driver-3.11.0.jar:/Users/nipuni.gunatilake/.m2/repository/org/seleniumhq/selenium/selenium-safari-driver/3.11.0/selenium-safari-driver-3.11.0.jar:/Users/nipuni.gunatilake/.m2/repository/net/bytebuddy/byte-buddy/1.7.9/byte-buddy-1.7.9.jar:/Users/nipuni.gunatilake/.m2/repository/org/apache/commons/commons-exec/1.3/commons-exec-1.3.jar:/Users/nipuni.gunatilake/.m2/repository/commons-codec/commons-codec/1.10/commons-codec-1.10.jar:/Users/nipuni.gunatilake/.m2/repository/com/google/guava/guava/23.6-jre/guava-23.6-jre.jar:/Users/nipuni.gunatilake/.m2/repository/com/google/code/findbugs/jsr305/1.3.9/jsr305-1.3.9.jar:/Users/nipuni.gunatilake/.m2/repository/org/checkerframework/checker-compat-qual/2.0.0/checker-compat-qual-2.0.0.jar:/Users/nipuni.gunatilake/.m2/repository/com/google/errorprone/error_prone_annotations/2.1.3/error_prone_annotations-2.1.3.jar:/Users/nipuni.gunatilake/.m2/repository/com/google/j2objc/j2objc-annotations/1.1/j2objc-annotations-1.1.jar:/Users/nipuni.gunatilake/.m2/repository/org/codehaus/mojo/animal-sniffer-annotations/1.14/animal-sniffer-annotations-1.14.jar:/Users/nipuni.gunatilake/.m2/repository/org/apache/httpcomponents/httpcore/4.4.6/httpcore-4.4.6.jar:/Users/nipuni.gunatilake/.m2/repository/com/squareup/okhttp3/okhttp/3.9.1/okhttp-3.9.1.jar:/Users/nipuni.gunatilake/.m2/repository/com/squareup/okio/okio/1.13.0/okio-1.13.0.jar:"/>
    <property name="sun.cpu.endian" value="little"/>
    <property name="user.home" value="/Users/nipuni.gunatilake"/>
    <property name="user.language" value="en"/>
    <property name="java.specification.vendor" value="Oracle Corporation"/>
    <property name="java.home" value="/Library/Java/JavaVirtualMachines/jdk1.8.0_251.jdk/Contents/Home/jre"/>
    <property name="basedir" value="/Users/nipuni.gunatilake/Downloads/Aaqua"/>
    <property name="file.separator" value="/"/>
    <property name="line.separator" value="&#10;"/>
    <property name="java.vm.specification.vendor" value="Oracle Corporation"/>
    <property name="java.specification.name" value="Java Platform API Specification"/>
    <property name="java.awt.graphicsenv" value="sun.awt.CGraphicsEnvironment"/>
    <property name="surefire.real.class.path" value="/Users/nipuni.gunatilake/Downloads/Aaqua/target/surefire/surefirebooter1167423683852297114.jar"/>
    <property name="sun.boot.class.path" value="/Library/Java/JavaVirtualMachines/jdk1.8.0_251.jdk/Contents/Home/jre/lib/resources.jar:/Library/Java/JavaVirtualMachines/jdk1.8.0_251.jdk/Contents/Home/jre/lib/rt.jar:/Library/Java/JavaVirtualMachines/jdk1.8.0_251.jdk/Contents/Home/jre/lib/sunrsasign.jar:/Library/Java/JavaVirtualMachines/jdk1.8.0_251.jdk/Contents/Home/jre/lib/jsse.jar:/Library/Java/JavaVirtualMachines/jdk1.8.0_251.jdk/Contents/Home/jre/lib/jce.jar:/Library/Java/JavaVirtualMachines/jdk1.8.0_251.jdk/Contents/Home/jre/lib/charsets.jar:/Library/Java/JavaVirtualMachines/jdk1.8.0_251.jdk/Contents/Home/jre/lib/jfr.jar:/Library/Java/JavaVirtualMachines/jdk1.8.0_251.jdk/Contents/Home/jre/classes"/>
    <property name="sun.management.compiler" value="HotSpot 64-Bit Tiered Compilers"/>
    <property name="java.runtime.version" value="1.8.0_251-b08"/>
    <property name="user.name" value="nipuni.gunatilake"/>
    <property name="path.separator" value=":"/>
    <property name="os.version" value="10.15.7"/>
    <property name="java.endorsed.dirs" value="/Library/Java/JavaVirtualMachines/jdk1.8.0_251.jdk/Contents/Home/jre/lib/endorsed"/>
    <property name="java.runtime.name" value="Java(TM) SE Runtime Environment"/>
    <property name="file.encoding" value="UTF-8"/>
    <property name="java.vm.name" value="Java HotSpot(TM) 64-Bit Server VM"/>
    <property name="localRepository" value="/Users/nipuni.gunatilake/.m2/repository"/>
    <property name="java.vendor.url.bug" value="http://bugreport.sun.com/bugreport/"/>
    <property name="java.io.tmpdir" value="/var/folders/bw/xq_6hgyj3xq5js4l4qh_328sglpx8t/T/"/>
    <property name="java.version" value="1.8.0_251"/>
    <property name="user.dir" value="/Users/nipuni.gunatilake/Downloads/Aaqua"/>
    <property name="os.arch" value="x86_64"/>
    <property name="java.vm.specification.name" value="Java Virtual Machine Specification"/>
    <property name="java.awt.printerjob" value="sun.lwawt.macosx.CPrinterJob"/>
    <property name="sun.os.patch.level" value="unknown"/>
    <property name="java.library.path" value="/Users/nipuni.gunatilake/Library/Java/Extensions:/Library/Java/Extensions:/Network/Library/Java/Extensions:/System/Library/Java/Extensions:/usr/lib/java:."/>
    <property name="java.vm.info" value="mixed mode"/>
    <property name="java.vendor" value="Oracle Corporation"/>
    <property name="java.vm.version" value="25.251-b08"/>
    <property name="java.ext.dirs" value="/Users/nipuni.gunatilake/Library/Java/Extensions:/Library/Java/JavaVirtualMachines/jdk1.8.0_251.jdk/Contents/Home/jre/lib/ext:/Library/Java/Extensions:/Network/Library/Java/Extensions:/System/Library/Java/Extensions:/usr/lib/java"/>
    <property name="sun.io.unicode.encoding" value="UnicodeBig"/>
    <property name="java.class.version" value="52.0"/>
  </properties>
  <testcase name="ValidateHomeScreen" classname="test.testInstagram" time="0.143"/>
  <testcase name="ValidateAddingAndDeletingPost" classname="test.testInstagram" time="23.867"/>
  <testcase name="ValidateUserCanSearch" classname="test.testInstagram" time="10.445"/>
</testsuite>