<?xml version="1.0" encoding="UTF-8"?>
<!-- Generated by org.testng.reporters.JUnitReportReporter -->
<testsuite skipped="0" hostname="P69206" name="test.suggestions" tests="1" failures="0" timestamp="11 Jul 2020 10:35:32 GMT" time="5.545" errors="0">
  <testcase name="verifySuggestions" time="5.545" classname="test.suggestions"/>
</testsuite> <!-- test.suggestions -->
