<?xml version="1.0" encoding="UTF-8"?>
<!-- Generated by org.testng.reporters.JUnitReportReporter -->
<testsuite skipped="0" hostname="P69206" name="test.regression" tests="18" failures="0" timestamp="04 Jan 2021 09:22:12 GMT" time="185.584" errors="0">
  <testcase name="selectMarkDownAndClickOnLink" time="28.638" classname="test.regression"/>
  <testcase name="selectMarkDownAndVerifyOnImage" time="9.235" classname="test.regression"/>
  <testcase name="clickBackToTheTop" time="4.989" classname="test.regression"/>
  <testcase name="typeTopCommand" time="6.309" classname="test.regression"/>
  <testcase name="minimizeMaximize" time="1.313" classname="test.regression"/>
  <testcase name="closeApp" time="9.660" classname="test.regression"/>
  <testcase name="verifySelectAdaptiveCard" time="15.643" classname="test.regression"/>
  <testcase name="verifySelectCarousal" time="17.176" classname="test.regression"/>
  <testcase name="selectCSAT" time="6.667" classname="test.regression"/>
  <testcase name="selectCSATScreens" time="6.056" classname="test.regression"/>
  <testcase name="selectCSATThankYou" time="0.061" classname="test.regression"/>
  <testcase name="verifySelectImage" time="7.814" classname="test.regression"/>
  <testcase name="selectInputDisable" time="9.068" classname="test.regression"/>
  <testcase name="verifyLogin" time="26.491" classname="test.regression"/>
  <testcase name="selectPullDown" time="15.187" classname="test.regression"/>
  <testcase name="verifySuggestions" time="7.328" classname="test.regression"/>
  <testcase name="verifySelectVideo" time="7.373" classname="test.regression"/>
  <testcase name="VerifyIconMessageLogin" time="6.576" classname="test.regression"/>
</testsuite> <!-- test.regression -->
