<?xml version="1.0" encoding="UTF-8"?>
<!-- Generated by org.testng.reporters.JUnitReportReporter -->
<testsuite skipped="0" hostname="P69206" name="test.carousal" tests="1" failures="0" timestamp="08 Aug 2020 02:23:03 GMT" time="21.911" errors="0">
  <testcase name="selectCarousalTest" time="21.911" classname="test.carousal"/>
</testsuite> <!-- test.carousal -->
