<?xml version="1.0" encoding="UTF-8"?>
<!-- Generated by org.testng.reporters.JUnitReportReporter -->
<testsuite skipped="0" hostname="P69206" name="test.video" tests="1" failures="0" timestamp="11 Jul 2020 10:45:04 GMT" time="7.057" errors="0">
  <testcase name="selectVideo" time="7.057" classname="test.video"/>
</testsuite> <!-- test.video -->
