<?xml version="1.0" encoding="UTF-8"?>
<!-- Generated by org.testng.reporters.JUnitReportReporter -->
<testsuite skipped="0" hostname="P69206" name="test.adaptiveCard" tests="1" failures="0" timestamp="08 Aug 2020 01:58:16 GMT" time="14.991" errors="0">
  <testcase name="VerifySelectAdaptiveCard" time="14.991" classname="test.adaptiveCard"/>
</testsuite> <!-- test.adaptiveCard -->
